<?xml version="1.0" encoding="UTF-8"?>
<!-- Generated by org.testng.reporters.JUnitXMLReporter -->
<testsuite ignored="0" hostname="LPTIN-5YBJ8S3" failures="0" tests="4" name="Premium Calculation Test" time="72.723" errors="0" timestamp="2026-03-23T20:27:53 IST">
  <testcase classname="tests.PremiumValidationTest" name="validateTotalPremiumCalculation" time="9.761"/>
  <testcase classname="tests.PremiumValidationTest" name="validateTotalPremiumCalculation" time="11.521"/>
  <testcase classname="tests.PremiumValidationTest" name="validateTotalPremiumCalculation" time="11.538"/>
  <testcase classname="tests.PremiumValidationTest" name="verifyPremiumSummaryDisplaysAllComponents" time="10.253"/>
</testsuite> <!-- Premium Calculation Test -->
