<?xml version="1.0" encoding="UTF-8"?>
<testng-results ignored="0" total="4" passed="4" failed="0" skipped="0">
  <reporter-output>
  </reporter-output>
  <suite started-at="2026-03-18T15:31:18 IST" name="Ditto Insurance Premium Validation Suite" finished-at="2026-03-18T15:32:12 IST" duration-ms="54524">
    <groups>
    </groups>
    <test started-at="2026-03-18T15:31:18 IST" name="Premium Calculation Test" finished-at="2026-03-18T15:32:12 IST" duration-ms="54524">
      <class name="tests.PremiumValidationTest">
        <test-method is-config="true" signature="beforeSuite()[pri:0, instance:tests.PremiumValidationTest@2f05be7f]" started-at="2026-03-18T15:31:18 IST" name="beforeSuite" finished-at="2026-03-18T15:31:18 IST" duration-ms="220" status="PASS">
          <reporter-output>
          </reporter-output>
        </test-method> <!-- beforeSuite -->
        <test-method is-config="true" signature="setUp()[pri:0, instance:tests.PremiumValidationTest@2f05be7f]" started-at="2026-03-18T15:31:18 IST" name="setUp" finished-at="2026-03-18T15:31:22 IST" duration-ms="3912" status="PASS">
          <reporter-output>
          </reporter-output>
        </test-method> <!-- setUp -->
        <test-method signature="validateTotalPremiumCalculation(java.lang.String,int,java.lang.String,java.lang.String)[pri:0, instance:tests.PremiumValidationTest@2f05be7f]" started-at="2026-03-18T15:31:22 IST" name="validateTotalPremiumCalculation" description="Validate Total Premium = Base Premium + Rider Premiums + GST" data-provider="userData" finished-at="2026-03-18T15:31:32 IST" duration-ms="9711" status="PASS">
          <params>
            <param index="0">
              <value>
                <![CDATA[John Doe]]>
              </value>
            </param>
            <param index="1">
              <value>
                <![CDATA[28]]>
              </value>
            </param>
            <param index="2">
              <value>
                <![CDATA[Bangalore]]>
              </value>
            </param>
            <param index="3">
              <value>
                <![CDATA[No]]>
              </value>
            </param>
          </params>
          <reporter-output>
          </reporter-output>
        </test-method> <!-- validateTotalPremiumCalculation -->
        <test-method is-config="true" signature="tearDown()[pri:0, instance:tests.PremiumValidationTest@2f05be7f]" started-at="2026-03-18T15:31:32 IST" name="tearDown" finished-at="2026-03-18T15:31:32 IST" duration-ms="407" status="PASS">
          <reporter-output>
          </reporter-output>
        </test-method> <!-- tearDown -->
        <test-method is-config="true" signature="setUp()[pri:0, instance:tests.PremiumValidationTest@2f05be7f]" started-at="2026-03-18T15:31:32 IST" name="setUp" finished-at="2026-03-18T15:31:34 IST" duration-ms="2545" status="PASS">
          <reporter-output>
          </reporter-output>
        </test-method> <!-- setUp -->
        <test-method signature="validateTotalPremiumCalculation(java.lang.String,int,java.lang.String,java.lang.String)[pri:0, instance:tests.PremiumValidationTest@2f05be7f]" started-at="2026-03-18T15:31:34 IST" name="validateTotalPremiumCalculation" description="Validate Total Premium = Base Premium + Rider Premiums + GST" data-provider="userData" finished-at="2026-03-18T15:31:48 IST" duration-ms="13090" status="PASS">
          <params>
            <param index="0">
              <value>
                <![CDATA[Alice Smith]]>
              </value>
            </param>
            <param index="1">
              <value>
                <![CDATA[35]]>
              </value>
            </param>
            <param index="2">
              <value>
                <![CDATA[Mumbai]]>
              </value>
            </param>
            <param index="3">
              <value>
                <![CDATA[Yes]]>
              </value>
            </param>
          </params>
          <reporter-output>
          </reporter-output>
        </test-method> <!-- validateTotalPremiumCalculation -->
        <test-method is-config="true" signature="tearDown()[pri:0, instance:tests.PremiumValidationTest@2f05be7f]" started-at="2026-03-18T15:31:48 IST" name="tearDown" finished-at="2026-03-18T15:31:48 IST" duration-ms="361" status="PASS">
          <reporter-output>
          </reporter-output>
        </test-method> <!-- tearDown -->
        <test-method is-config="true" signature="setUp()[pri:0, instance:tests.PremiumValidationTest@2f05be7f]" started-at="2026-03-18T15:31:48 IST" name="setUp" finished-at="2026-03-18T15:31:50 IST" duration-ms="2510" status="PASS">
          <reporter-output>
          </reporter-output>
        </test-method> <!-- setUp -->
        <test-method signature="validateTotalPremiumCalculation(java.lang.String,int,java.lang.String,java.lang.String)[pri:0, instance:tests.PremiumValidationTest@2f05be7f]" started-at="2026-03-18T15:31:50 IST" name="validateTotalPremiumCalculation" description="Validate Total Premium = Base Premium + Rider Premiums + GST" data-provider="userData" finished-at="2026-03-18T15:32:00 IST" duration-ms="9386" status="PASS">
          <params>
            <param index="0">
              <value>
                <![CDATA[Rahul Kumar]]>
              </value>
            </param>
            <param index="1">
              <value>
                <![CDATA[45]]>
              </value>
            </param>
            <param index="2">
              <value>
                <![CDATA[Delhi]]>
              </value>
            </param>
            <param index="3">
              <value>
                <![CDATA[No]]>
              </value>
            </param>
          </params>
          <reporter-output>
          </reporter-output>
        </test-method> <!-- validateTotalPremiumCalculation -->
        <test-method is-config="true" signature="tearDown()[pri:0, instance:tests.PremiumValidationTest@2f05be7f]" started-at="2026-03-18T15:32:00 IST" name="tearDown" finished-at="2026-03-18T15:32:00 IST" duration-ms="493" status="PASS">
          <reporter-output>
          </reporter-output>
        </test-method> <!-- tearDown -->
        <test-method is-config="true" signature="setUp()[pri:0, instance:tests.PremiumValidationTest@2f05be7f]" started-at="2026-03-18T15:32:00 IST" name="setUp" finished-at="2026-03-18T15:32:03 IST" duration-ms="2459" status="PASS">
          <reporter-output>
          </reporter-output>
        </test-method> <!-- setUp -->
        <test-method signature="verifyPremiumSummaryDisplaysAllComponents()[pri:0, instance:tests.PremiumValidationTest@2f05be7f]" started-at="2026-03-18T15:32:03 IST" name="verifyPremiumSummaryDisplaysAllComponents" description="Verify all premium components are displayed on the summary panel" finished-at="2026-03-18T15:32:12 IST" duration-ms="9222" status="PASS">
          <reporter-output>
          </reporter-output>
        </test-method> <!-- verifyPremiumSummaryDisplaysAllComponents -->
        <test-method is-config="true" signature="tearDown()[pri:0, instance:tests.PremiumValidationTest@2f05be7f]" started-at="2026-03-18T15:32:12 IST" name="tearDown" finished-at="2026-03-18T15:32:12 IST" duration-ms="333" status="PASS">
          <reporter-output>
          </reporter-output>
        </test-method> <!-- tearDown -->
        <test-method is-config="true" signature="afterSuite()[pri:0, instance:tests.PremiumValidationTest@2f05be7f]" started-at="2026-03-18T15:32:12 IST" name="afterSuite" finished-at="2026-03-18T15:32:13 IST" duration-ms="411" status="PASS">
          <reporter-output>
          </reporter-output>
        </test-method> <!-- afterSuite -->
      </class> <!-- tests.PremiumValidationTest -->
    </test> <!-- Premium Calculation Test -->
  </suite> <!-- Ditto Insurance Premium Validation Suite -->
</testng-results>
