<?xml version="1.0" encoding="UTF-8"?>
<testsuite xmlns:xsi="http://www.w3.org/2001/XMLSchema-instance" xsi:noNamespaceSchemaLocation="https://maven.apache.org/surefire/maven-surefire-plugin/xsd/surefire-test-report-3.0.xsd" version="3.0" name="TestSuite" time="56.51" tests="4" errors="0" skipped="0" failures="0">
  <properties>
[...]
</properties>
  <testcase name="validateTotalPremiumCalculation[John Doe, 28, Bangalore, No](1)" classname="tests.PremiumValidationTest" time="9.698">
    <system-out><![CDATA[...
... TestNG 7.10.2 by Cédric Beust (cedric@beust.com)
...

15:31:18.114 [main] INFO  base.BaseTest - ========== TEST SUITE STARTED ==========
15:31:18.120 [main] INFO  utils.ConfigReader - Configuration properties loaded successfully
15:31:18.322 [main] INFO  utils.ExtentReportManager - Extent Reports initialized. Report will be saved to: ./reports/TestReport.html
15:31:18.330 [main] INFO  base.BaseTest - Test context started: Premium Calculation Test
15:31:18.410 [main] INFO  base.BaseTest - --- Setting up test ---
15:31:18.413 [main] INFO  utils.DriverFactory - Initializing chrome browser (headless: false)
15:31:21.289 [main] INFO  utils.DriverFactory - chrome browser initialized successfully
15:31:21.289 [main] INFO  base.BaseTest - Navigating to: https://app.joinditto.in/fq
15:31:22.321 [main] INFO  base.BaseTest - Browser launched and navigated to application
15:31:22.321 [main] INFO  base.BaseTest - TEST STARTED: validateTotalPremiumCalculation
15:31:22.335 [main] INFO  utils.ExtentReportManager - Extent test created: validateTotalPremiumCalculation
15:31:22.339 [main] INFO  tests.PremiumValidationTest - ====== Starting Premium Validation Test for: John Doe ======
15:31:22.355 [main] INFO  pages.DittoHomePage - DittoHomePage initialized
15:31:22.522 [main] INFO  pages.DittoHomePage - Ditto home page loaded successfully
15:31:22.524 [main] INFO  pages.DittoHomePage - Selecting product: Optima Secure
15:31:22.922 [main] INFO  pages.DittoHomePage - Product 'Optima Secure' selected successfully
15:31:22.925 [main] INFO  pages.ProductSelectionPage - ProductSelectionPage (Policy Understanding) initialized
15:31:24.099 [main] INFO  pages.ProductSelectionPage - Policy understanding page loaded
15:31:24.099 [main] INFO  pages.ProductSelectionPage - Navigating through all 4 policy understanding steps
15:31:24.327 [main] INFO  pages.ProductSelectionPage - Clicked Next for step 1
15:31:24.957 [main] INFO  pages.ProductSelectionPage - Clicked Next for step 2
15:31:25.582 [main] INFO  pages.ProductSelectionPage - Clicked Next for step 3
15:31:26.273 [main] INFO  pages.ProductSelectionPage - Clicked Continue to proceed to members page
15:31:26.273 [main] INFO  pages.ProductSelectionPage - Waiting for navigation to members page
15:31:26.314 [main] INFO  pages.ProductSelectionPage - Navigated to members page
15:31:26.320 [main] INFO  pages.UserDetailsPage - UserDetailsPage initialized
15:31:26.399 [main] INFO  pages.UserDetailsPage - Members selection page loaded
15:31:26.399 [main] INFO  pages.UserDetailsPage - Selecting Self with gender: Male
15:31:26.571 [main] INFO  pages.UserDetailsPage - Self chip label clicked
15:31:27.004 [main] INFO  pages.UserDetailsPage - Gender 'Male' selected for Self
15:31:27.004 [main] INFO  pages.UserDetailsPage - Clicking Next Step on members page
15:31:27.173 [main] INFO  pages.UserDetailsPage - Waiting for navigation to plan page
15:31:27.188 [main] INFO  pages.UserDetailsPage - Navigated to plan page
15:31:27.322 [main] INFO  pages.UserDetailsPage - Plan page loaded
15:31:27.322 [main] INFO  pages.UserDetailsPage - Filling plan form - Age: 28, Pincode: 560001
15:31:27.322 [main] INFO  pages.UserDetailsPage - Entering age: 28
15:31:27.989 [main] INFO  pages.UserDetailsPage - Entering pincode: 560001
15:31:28.121 [main] INFO  pages.UserDetailsPage - Clicking Calculate Premium
15:31:28.454 [main] INFO  pages.UserDetailsPage - Calculate Premium clicked
15:31:28.454 [main] INFO  pages.UserDetailsPage - Form submitted, waiting for premium calculation
15:31:28.454 [main] INFO  pages.PremiumSummaryPage - PremiumSummaryPage initialized
15:31:31.788 [main] INFO  pages.PremiumSummaryPage - Premium summary panel is displayed
15:31:31.788 [main] INFO  pages.PremiumSummaryPage - Extracting Base Premium
15:31:31.863 [main] INFO  pages.PremiumSummaryPage - Base Premium: 13680.0
15:31:31.863 [main] INFO  pages.PremiumSummaryPage - Extracting Rider/Add-on Premiums
15:31:31.914 [main] INFO  pages.PremiumSummaryPage - Recommended Add-ons: 0.0
15:31:31.957 [main] INFO  pages.PremiumSummaryPage - Other Add-ons: 0.0
15:31:31.957 [main] INFO  pages.PremiumSummaryPage - Total Rider/Add-on Premiums: 0.0
15:31:31.957 [main] INFO  pages.PremiumSummaryPage - GST is embedded in Base Premium on Ditto - no separate line item
15:31:31.957 [main] INFO  pages.PremiumSummaryPage - Extracting Total Premium
15:31:32.020 [main] INFO  pages.PremiumSummaryPage - Total Premium: 13680.0
15:31:32.020 [main] INFO  tests.PremiumValidationTest - ========== PREMIUM BREAKDOWN ==========
15:31:32.020 [main] INFO  tests.PremiumValidationTest - Base Premium   : Rs. 13680.0
15:31:32.020 [main] INFO  tests.PremiumValidationTest - Rider Premiums : Rs. 0.0
15:31:32.020 [main] INFO  tests.PremiumValidationTest - GST (embedded) : Rs. 0.0
15:31:32.020 [main] INFO  tests.PremiumValidationTest - Total Premium  : Rs. 13680.0
15:31:32.020 [main] INFO  tests.PremiumValidationTest - ========================================
15:31:32.020 [main] INFO  tests.PremiumValidationTest - Expected Total : Rs. 13680.0
15:31:32.020 [main] INFO  tests.PremiumValidationTest - Actual Total   : Rs. 13680.0
15:31:32.020 [main] INFO  tests.PremiumValidationTest - ASSERTION PASSED: Total Premium matches expected calculation
]]></system-out>
    <system-err><![CDATA[SLF4J(W): No SLF4J providers were found.
SLF4J(W): Defaulting to no-operation (NOP) logger implementation
SLF4J(W): See https://www.slf4j.org/codes.html#noProviders for further details.
Mar 18, 2026 3:31:21 PM org.openqa.selenium.devtools.CdpVersionFinder findNearestMatch
WARNING: Unable to find CDP implementation matching 146
Mar 18, 2026 3:31:21 PM org.openqa.selenium.chromium.ChromiumDriver lambda$new$5
WARNING: Unable to find version of CDP to use for 146.0.7680.80. You may need to include a dependency on a specific version of the CDP using something similar to `org.seleniumhq.selenium:selenium-devtools-v86:4.21.0` where the version ("v86") matches the version of the chromium-based browser you're using and the version number of the artifact is the same as Selenium's.
]]></system-err>
  </testcase>
  <testcase name="validateTotalPremiumCalculation[Alice Smith, 35, Mumbai, Yes](2)" classname="tests.PremiumValidationTest" time="13.09">
    <system-out><![CDATA[15:31:32.037 [main] INFO  base.BaseTest - TEST PASSED: validateTotalPremiumCalculation
15:31:32.037 [main] INFO  base.BaseTest - --- Tearing down test ---
15:31:32.037 [main] INFO  utils.DriverFactory - Quitting browser and cleaning up WebDriver
15:31:32.444 [main] INFO  base.BaseTest - Browser closed successfully
15:31:32.445 [main] INFO  base.BaseTest - --- Setting up test ---
15:31:32.445 [main] INFO  utils.DriverFactory - Initializing chrome browser (headless: false)
15:31:34.016 [main] INFO  utils.DriverFactory - chrome browser initialized successfully
15:31:34.016 [main] INFO  base.BaseTest - Navigating to: https://app.joinditto.in/fq
15:31:34.990 [main] INFO  base.BaseTest - Browser launched and navigated to application
15:31:34.990 [main] INFO  base.BaseTest - TEST STARTED: validateTotalPremiumCalculation
15:31:34.990 [main] INFO  utils.ExtentReportManager - Extent test created: validateTotalPremiumCalculation
15:31:34.990 [main] INFO  tests.PremiumValidationTest - ====== Starting Premium Validation Test for: Alice Smith ======
15:31:34.990 [main] INFO  pages.DittoHomePage - DittoHomePage initialized
15:31:35.630 [main] INFO  pages.DittoHomePage - Ditto home page loaded successfully
15:31:35.632 [main] INFO  pages.DittoHomePage - Selecting product: Optima Secure
15:31:35.958 [main] INFO  pages.DittoHomePage - Product 'Optima Secure' selected successfully
15:31:35.958 [main] INFO  pages.ProductSelectionPage - ProductSelectionPage (Policy Understanding) initialized
15:31:37.223 [main] INFO  pages.ProductSelectionPage - Policy understanding page loaded
15:31:37.223 [main] INFO  pages.ProductSelectionPage - Navigating through all 4 policy understanding steps
15:31:37.453 [main] INFO  pages.ProductSelectionPage - Clicked Next for step 1
15:31:38.091 [main] INFO  pages.ProductSelectionPage - Clicked Next for step 2
15:31:38.739 [main] INFO  pages.ProductSelectionPage - Clicked Next for step 3
15:31:39.388 [main] INFO  pages.ProductSelectionPage - Clicked Continue to proceed to members page
15:31:39.388 [main] INFO  pages.ProductSelectionPage - Waiting for navigation to members page
15:31:39.415 [main] INFO  pages.ProductSelectionPage - Navigated to members page
15:31:39.415 [main] INFO  pages.UserDetailsPage - UserDetailsPage initialized
15:31:40.006 [main] INFO  pages.UserDetailsPage - Members selection page loaded
15:31:40.006 [main] INFO  pages.UserDetailsPage - Selecting Self with gender: Male
15:31:40.131 [main] INFO  pages.UserDetailsPage - Self chip label clicked
15:31:40.539 [main] INFO  pages.UserDetailsPage - Gender 'Male' selected for Self
15:31:40.539 [main] INFO  pages.UserDetailsPage - Clicking Next Step on members page
15:31:40.661 [main] INFO  pages.UserDetailsPage - Waiting for navigation to plan page
15:31:40.680 [main] INFO  pages.UserDetailsPage - Navigated to plan page
15:31:41.235 [main] INFO  pages.UserDetailsPage - Plan page loaded
15:31:41.237 [main] INFO  pages.UserDetailsPage - Filling plan form - Age: 35, Pincode: 560001
15:31:41.237 [main] INFO  pages.UserDetailsPage - Entering age: 35
15:31:41.314 [main] INFO  pages.UserDetailsPage - Entering pincode: 560001
15:31:41.424 [main] INFO  pages.UserDetailsPage - Clicking Calculate Premium
15:31:41.819 [main] INFO  pages.UserDetailsPage - Calculate Premium clicked
15:31:41.819 [main] INFO  pages.UserDetailsPage - Form submitted, waiting for premium calculation
15:31:41.819 [main] INFO  pages.PremiumSummaryPage - PremiumSummaryPage initialized
15:31:47.786 [main] INFO  pages.PremiumSummaryPage - Premium summary panel is displayed
15:31:47.788 [main] INFO  pages.PremiumSummaryPage - Extracting Base Premium
15:31:47.882 [main] INFO  pages.PremiumSummaryPage - Base Premium: 15010.0
15:31:47.882 [main] INFO  pages.PremiumSummaryPage - Extracting Rider/Add-on Premiums
15:31:47.930 [main] INFO  pages.PremiumSummaryPage - Recommended Add-ons: 0.0
15:31:47.997 [main] INFO  pages.PremiumSummaryPage - Other Add-ons: 0.0
15:31:47.997 [main] INFO  pages.PremiumSummaryPage - Total Rider/Add-on Premiums: 0.0
15:31:47.997 [main] INFO  pages.PremiumSummaryPage - GST is embedded in Base Premium on Ditto - no separate line item
15:31:47.997 [main] INFO  pages.PremiumSummaryPage - Extracting Total Premium
15:31:48.080 [main] INFO  pages.PremiumSummaryPage - Total Premium: 15010.0
15:31:48.080 [main] INFO  tests.PremiumValidationTest - ========== PREMIUM BREAKDOWN ==========
15:31:48.080 [main] INFO  tests.PremiumValidationTest - Base Premium   : Rs. 15010.0
15:31:48.080 [main] INFO  tests.PremiumValidationTest - Rider Premiums : Rs. 0.0
15:31:48.080 [main] INFO  tests.PremiumValidationTest - GST (embedded) : Rs. 0.0
15:31:48.080 [main] INFO  tests.PremiumValidationTest - Total Premium  : Rs. 15010.0
15:31:48.080 [main] INFO  tests.PremiumValidationTest - ========================================
15:31:48.080 [main] INFO  tests.PremiumValidationTest - Expected Total : Rs. 15010.0
15:31:48.080 [main] INFO  tests.PremiumValidationTest - Actual Total   : Rs. 15010.0
15:31:48.080 [main] INFO  tests.PremiumValidationTest - ASSERTION PASSED: Total Premium matches expected calculation
]]></system-out>
    <system-err><![CDATA[Mar 18, 2026 3:31:34 PM org.openqa.selenium.devtools.CdpVersionFinder findNearestMatch
WARNING: Unable to find CDP implementation matching 146
Mar 18, 2026 3:31:34 PM org.openqa.selenium.chromium.ChromiumDriver lambda$new$5
WARNING: Unable to find version of CDP to use for 146.0.7680.80. You may need to include a dependency on a specific version of the CDP using something similar to `org.seleniumhq.selenium:selenium-devtools-v86:4.21.0` where the version ("v86") matches the version of the chromium-based browser you're using and the version number of the artifact is the same as Selenium's.
]]></system-err>
  </testcase>
  <testcase name="validateTotalPremiumCalculation[Rahul Kumar, 45, Delhi, No](3)" classname="tests.PremiumValidationTest" time="9.382">
    <system-out><![CDATA[15:31:48.080 [main] INFO  base.BaseTest - TEST PASSED: validateTotalPremiumCalculation
15:31:48.080 [main] INFO  base.BaseTest - --- Tearing down test ---
15:31:48.080 [main] INFO  utils.DriverFactory - Quitting browser and cleaning up WebDriver
15:31:48.441 [main] INFO  base.BaseTest - Browser closed successfully
15:31:48.441 [main] INFO  base.BaseTest - --- Setting up test ---
15:31:48.441 [main] INFO  utils.DriverFactory - Initializing chrome browser (headless: false)
15:31:50.000 [main] INFO  utils.DriverFactory - chrome browser initialized successfully
15:31:50.000 [main] INFO  base.BaseTest - Navigating to: https://app.joinditto.in/fq
15:31:50.951 [main] INFO  base.BaseTest - Browser launched and navigated to application
15:31:50.951 [main] INFO  base.BaseTest - TEST STARTED: validateTotalPremiumCalculation
15:31:50.955 [main] INFO  utils.ExtentReportManager - Extent test created: validateTotalPremiumCalculation
15:31:50.955 [main] INFO  tests.PremiumValidationTest - ====== Starting Premium Validation Test for: Rahul Kumar ======
15:31:50.957 [main] INFO  pages.DittoHomePage - DittoHomePage initialized
15:31:51.131 [main] INFO  pages.DittoHomePage - Ditto home page loaded successfully
15:31:51.135 [main] INFO  pages.DittoHomePage - Selecting product: Optima Secure
15:31:51.488 [main] INFO  pages.DittoHomePage - Product 'Optima Secure' selected successfully
15:31:51.488 [main] INFO  pages.ProductSelectionPage - ProductSelectionPage (Policy Understanding) initialized
15:31:52.625 [main] INFO  pages.ProductSelectionPage - Policy understanding page loaded
15:31:52.625 [main] INFO  pages.ProductSelectionPage - Navigating through all 4 policy understanding steps
15:31:52.823 [main] INFO  pages.ProductSelectionPage - Clicked Next for step 1
15:31:53.484 [main] INFO  pages.ProductSelectionPage - Clicked Next for step 2
15:31:54.151 [main] INFO  pages.ProductSelectionPage - Clicked Next for step 3
15:31:54.800 [main] INFO  pages.ProductSelectionPage - Clicked Continue to proceed to members page
15:31:54.800 [main] INFO  pages.ProductSelectionPage - Waiting for navigation to members page
15:31:54.825 [main] INFO  pages.ProductSelectionPage - Navigated to members page
15:31:54.825 [main] INFO  pages.UserDetailsPage - UserDetailsPage initialized
15:31:54.930 [main] INFO  pages.UserDetailsPage - Members selection page loaded
15:31:54.930 [main] INFO  pages.UserDetailsPage - Selecting Self with gender: Male
15:31:55.056 [main] INFO  pages.UserDetailsPage - Self chip label clicked
15:31:55.463 [main] INFO  pages.UserDetailsPage - Gender 'Male' selected for Self
15:31:55.463 [main] INFO  pages.UserDetailsPage - Clicking Next Step on members page
15:31:55.593 [main] INFO  pages.UserDetailsPage - Waiting for navigation to plan page
15:31:55.619 [main] INFO  pages.UserDetailsPage - Navigated to plan page
15:31:55.721 [main] INFO  pages.UserDetailsPage - Plan page loaded
15:31:55.721 [main] INFO  pages.UserDetailsPage - Filling plan form - Age: 45, Pincode: 560001
15:31:55.721 [main] INFO  pages.UserDetailsPage - Entering age: 45
15:31:56.375 [main] INFO  pages.UserDetailsPage - Entering pincode: 560001
15:31:56.466 [main] INFO  pages.UserDetailsPage - Clicking Calculate Premium
15:31:56.788 [main] INFO  pages.UserDetailsPage - Calculate Premium clicked
15:31:56.788 [main] INFO  pages.UserDetailsPage - Form submitted, waiting for premium calculation
15:31:56.788 [main] INFO  pages.PremiumSummaryPage - PremiumSummaryPage initialized
15:32:00.072 [main] INFO  pages.PremiumSummaryPage - Premium summary panel is displayed
15:32:00.072 [main] INFO  pages.PremiumSummaryPage - Extracting Base Premium
15:32:00.148 [main] INFO  pages.PremiumSummaryPage - Base Premium: 17290.0
15:32:00.148 [main] INFO  pages.PremiumSummaryPage - Extracting Rider/Add-on Premiums
15:32:00.201 [main] INFO  pages.PremiumSummaryPage - Recommended Add-ons: 0.0
15:32:00.251 [main] INFO  pages.PremiumSummaryPage - Other Add-ons: 0.0
15:32:00.251 [main] INFO  pages.PremiumSummaryPage - Total Rider/Add-on Premiums: 0.0
15:32:00.251 [main] INFO  pages.PremiumSummaryPage - GST is embedded in Base Premium on Ditto - no separate line item
15:32:00.251 [main] INFO  pages.PremiumSummaryPage - Extracting Total Premium
15:32:00.337 [main] INFO  pages.PremiumSummaryPage - Total Premium: 17290.0
15:32:00.337 [main] INFO  tests.PremiumValidationTest - ========== PREMIUM BREAKDOWN ==========
15:32:00.337 [main] INFO  tests.PremiumValidationTest - Base Premium   : Rs. 17290.0
15:32:00.337 [main] INFO  tests.PremiumValidationTest - Rider Premiums : Rs. 0.0
15:32:00.337 [main] INFO  tests.PremiumValidationTest - GST (embedded) : Rs. 0.0
15:32:00.337 [main] INFO  tests.PremiumValidationTest - Total Premium  : Rs. 17290.0
15:32:00.337 [main] INFO  tests.PremiumValidationTest - ========================================
15:32:00.337 [main] INFO  tests.PremiumValidationTest - Expected Total : Rs. 17290.0
15:32:00.337 [main] INFO  tests.PremiumValidationTest - Actual Total   : Rs. 17290.0
15:32:00.337 [main] INFO  tests.PremiumValidationTest - ASSERTION PASSED: Total Premium matches expected calculation
]]></system-out>
    <system-err><![CDATA[Mar 18, 2026 3:31:50 PM org.openqa.selenium.devtools.CdpVersionFinder findNearestMatch
WARNING: Unable to find CDP implementation matching 146
Mar 18, 2026 3:31:50 PM org.openqa.selenium.chromium.ChromiumDriver lambda$new$5
WARNING: Unable to find version of CDP to use for 146.0.7680.80. You may need to include a dependency on a specific version of the CDP using something similar to `org.seleniumhq.selenium:selenium-devtools-v86:4.21.0` where the version ("v86") matches the version of the chromium-based browser you're using and the version number of the artifact is the same as Selenium's.
]]></system-err>
  </testcase>
  <testcase name="verifyPremiumSummaryDisplaysAllComponents" classname="tests.PremiumValidationTest" time="9.22">
    <system-out><![CDATA[15:32:00.337 [main] INFO  base.BaseTest - TEST PASSED: validateTotalPremiumCalculation
15:32:00.337 [main] INFO  base.BaseTest - --- Tearing down test ---
15:32:00.337 [main] INFO  utils.DriverFactory - Quitting browser and cleaning up WebDriver
15:32:00.830 [main] INFO  base.BaseTest - Browser closed successfully
15:32:00.832 [main] INFO  base.BaseTest - --- Setting up test ---
15:32:00.832 [main] INFO  utils.DriverFactory - Initializing chrome browser (headless: false)
15:32:02.460 [main] INFO  utils.DriverFactory - chrome browser initialized successfully
15:32:02.467 [main] INFO  base.BaseTest - Navigating to: https://app.joinditto.in/fq
15:32:03.291 [main] INFO  base.BaseTest - Browser launched and navigated to application
15:32:03.293 [main] INFO  base.BaseTest - TEST STARTED: verifyPremiumSummaryDisplaysAllComponents
15:32:03.293 [main] INFO  utils.ExtentReportManager - Extent test created: verifyPremiumSummaryDisplaysAllComponents
15:32:03.293 [main] INFO  tests.PremiumValidationTest - ====== Verifying Premium Summary Components ======
15:32:03.293 [main] INFO  pages.DittoHomePage - DittoHomePage initialized
15:32:03.295 [main] INFO  pages.DittoHomePage - Selecting product: Optima Secure
15:32:03.723 [main] INFO  pages.DittoHomePage - Product 'Optima Secure' selected successfully
15:32:03.723 [main] INFO  pages.ProductSelectionPage - ProductSelectionPage (Policy Understanding) initialized
15:32:03.723 [main] INFO  pages.ProductSelectionPage - Navigating through all 4 policy understanding steps
15:32:04.977 [main] INFO  pages.ProductSelectionPage - Clicked Next for step 1
15:32:05.593 [main] INFO  pages.ProductSelectionPage - Clicked Next for step 2
15:32:06.269 [main] INFO  pages.ProductSelectionPage - Clicked Next for step 3
15:32:06.927 [main] INFO  pages.ProductSelectionPage - Clicked Continue to proceed to members page
15:32:06.927 [main] INFO  pages.ProductSelectionPage - Waiting for navigation to members page
15:32:06.951 [main] INFO  pages.ProductSelectionPage - Navigated to members page
15:32:06.951 [main] INFO  pages.UserDetailsPage - UserDetailsPage initialized
15:32:06.951 [main] INFO  pages.UserDetailsPage - Selecting Self with gender: Male
15:32:07.121 [main] INFO  pages.UserDetailsPage - Self chip label clicked
15:32:07.567 [main] INFO  pages.UserDetailsPage - Gender 'Male' selected for Self
15:32:07.567 [main] INFO  pages.UserDetailsPage - Clicking Next Step on members page
15:32:07.721 [main] INFO  pages.UserDetailsPage - Waiting for navigation to plan page
15:32:07.748 [main] INFO  pages.UserDetailsPage - Navigated to plan page
15:32:07.750 [main] INFO  pages.UserDetailsPage - Filling plan form - Age: 30, Pincode: 560001
15:32:07.750 [main] INFO  pages.UserDetailsPage - Entering age: 30
15:32:08.398 [main] INFO  pages.UserDetailsPage - Entering pincode: 560001
15:32:08.498 [main] INFO  pages.UserDetailsPage - Clicking Calculate Premium
15:32:08.842 [main] INFO  pages.UserDetailsPage - Calculate Premium clicked
15:32:08.842 [main] INFO  pages.UserDetailsPage - Form submitted, waiting for premium calculation
15:32:08.842 [main] INFO  pages.PremiumSummaryPage - PremiumSummaryPage initialized
15:32:12.338 [main] INFO  pages.PremiumSummaryPage - Premium summary panel is displayed
15:32:12.338 [main] INFO  pages.PremiumSummaryPage - Extracting Base Premium
15:32:12.439 [main] INFO  pages.PremiumSummaryPage - Base Premium: 14060.0
15:32:12.441 [main] INFO  pages.PremiumSummaryPage - Extracting Total Premium
15:32:12.513 [main] INFO  pages.PremiumSummaryPage - Total Premium: 14060.0
15:32:12.513 [main] INFO  tests.PremiumValidationTest - All premium components verified successfully
]]></system-out>
    <system-err><![CDATA[Mar 18, 2026 3:32:02 PM org.openqa.selenium.devtools.CdpVersionFinder findNearestMatch
WARNING: Unable to find CDP implementation matching 146
Mar 18, 2026 3:32:02 PM org.openqa.selenium.chromium.ChromiumDriver lambda$new$5
WARNING: Unable to find version of CDP to use for 146.0.7680.80. You may need to include a dependency on a specific version of the CDP using something similar to `org.seleniumhq.selenium:selenium-devtools-v86:4.21.0` where the version ("v86") matches the version of the chromium-based browser you're using and the version number of the artifact is the same as Selenium's.
]]></system-err>
  </testcase>
</testsuite>