<?xml version="1.0" encoding="UTF-8"?>
<!-- Generated by org.testng.reporters.JUnitReportReporter -->
<testsuite hostname="LPTIN-5YBJ8S3" failures="0" tests="4" name="tests.PremiumValidationTest" time="72.619" errors="0" timestamp="2026-03-23T20:27:53 IST" skipped="0">
  <testcase classname="tests.PremiumValidationTest" name="validateTotalPremiumCalculation" time="18.167"/>
  <testcase classname="tests.PremiumValidationTest" name="validateTotalPremiumCalculation" time="18.067"/>
  <testcase classname="tests.PremiumValidationTest" name="validateTotalPremiumCalculation" time="19.289"/>
  <testcase classname="tests.PremiumValidationTest" name="verifyPremiumSummaryDisplaysAllComponents" time="17.096"/>
</testsuite> <!-- tests.PremiumValidationTest -->
