<?xml version="1.0" encoding="UTF-8"?>
<!-- Generated by org.testng.reporters.JUnitReportReporter -->
<testsuite hostname="INDL-5CG40543KF" failures="0" tests="4" name="tests.PremiumValidationTest" time="54.429" errors="0" timestamp="2026-03-18T15:32:13 IST" skipped="0">
  <testcase classname="tests.PremiumValidationTest" name="validateTotalPremiumCalculation" time="12.303"/>
  <testcase classname="tests.PremiumValidationTest" name="verifyPremiumSummaryDisplaysAllComponents" time="12.128"/>
  <testcase classname="tests.PremiumValidationTest" name="validateTotalPremiumCalculation" time="17.495"/>
  <testcase classname="tests.PremiumValidationTest" name="validateTotalPremiumCalculation" time="12.503"/>
</testsuite> <!-- tests.PremiumValidationTest -->
