<?xml version="1.0" encoding="UTF-8"?>
<!-- Generated by org.testng.reporters.JUnitXMLReporter -->
<testsuite ignored="0" hostname="INDL-5CG40543KF" failures="0" tests="4" name="Premium Calculation Test" time="54.524" errors="0" timestamp="2026-03-18T15:32:12 IST">
  <testcase classname="tests.PremiumValidationTest" name="validateTotalPremiumCalculation" time="9.711"/>
  <testcase classname="tests.PremiumValidationTest" name="validateTotalPremiumCalculation" time="13.09"/>
  <testcase classname="tests.PremiumValidationTest" name="validateTotalPremiumCalculation" time="9.386"/>
  <testcase classname="tests.PremiumValidationTest" name="verifyPremiumSummaryDisplaysAllComponents" time="9.222"/>
</testsuite> <!-- Premium Calculation Test -->
